[kbplacer_plugin_action.py:65]: Plugin version: 0.12
[kbplacer_plugin_action.py:66]: Python version: '3.11.5 (main, Aug 14 2024, 05:26:19) [MSC v.1939 64 bit (AMD64)]'
[kbplacer_plugin_action.py:67]: KiCad version: 8.0.6 with 4.2.2 msw (phoenix) wxWidgets 3.2.6
[kbplacer_dialog.py:585]: Language: en
[kbplacer_plugin_action.py:75]: GUI state: {"layout_path": "C:\\Users\\jamie\\Downloads\\element-keyboard-layout.json", "key_distance": [19.05, 19.05], "key_info": {"annotation_format": "SW{}", "position_option": "Default", "position": {"x": 0.0, "y": 0.0, "orientation": 0.0, "side": "Front"}, "template_path": ""}, "enable_diode_placement": true, "route_switches_with_diodes": false, "optimize_diodes_orientation": false, "diode_info": {"annotation_format": "D{}", "position_option": "Relative", "position": null, "template_path": ""}, "additional_elements": [{"annotation_format": "ST{}", "position_option": "Custom", "position": {"x": 0.0, "y": 0.0, "orientation": 0.0, "side": "Front"}, "template_path": ""}], "route_rows_and_columns": true, "template_path": "", "generate_outline": true, "outline_delta": 10.0}
[key_placer.py:361]: Set key 1U distance: 19050000/19050000
[key_placer.py:116]: Unexpected switch net position detected, each switch should have two unique nets unambiguously defining position in key matrix, switch-by-matrix association can't be used
[key_placer.py:123]: Switches by nets: {}
[key_placer.py:127]: Diodes by switch: {'SW88': ['D88'], 'SW87': ['D87'], 'SW86': ['D86'], 'SW85': ['D85'], 'SW84': ['D84'], 'SW83': ['D83'], 'SW82': ['D82'], 'SW81': ['D81'], 'SW80': ['D80'], 'SW79': ['D79'], 'SW78': ['D78'], 'SW77': ['D77'], 'SW76': ['D76'], 'SW75': ['D75'], 'SW74': ['D74'], 'SW73': ['D73'], 'SW72': ['D72', 'D69', 'D68', 'D67', 'D66', 'D65', 'D64', 'D63', 'D62', 'D61', 'D60'], 'SW71': ['D71'], 'SW70': ['D70'], 'SW69': ['D69'], 'SW68': ['D68'], 'SW67': ['D67'], 'SW66': ['D66'], 'SW65': ['D65'], 'SW64': ['D64'], 'SW63': ['D63'], 'SW62': ['D62'], 'SW61': ['D61'], 'SW60': ['D60'], 'SW59': ['D59'], 'SW58': ['D58'], 'SW57': ['D57'], 'SW56': ['D56'], 'SW55': ['D55'], 'SW54': ['D54'], 'SW53': ['D53'], 'SW52': ['D52'], 'SW51': ['D51'], 'SW50': ['D50'], 'SW49': ['D49'], 'SW48': ['D48'], 'SW47': ['D47'], 'SW46': ['D46'], 'SW45': ['D45'], 'SW44': ['D44'], 'SW43': ['D43'], 'SW42': ['D42'], 'SW41': ['D41'], 'SW40': ['D40'], 'SW39': ['D39'], 'SW38': ['D38'], 'SW37': ['D37'], 'SW36': ['D36'], 'SW35': ['D35'], 'SW34': ['D34'], 'SW33': ['D33'], 'SW32': ['D32'], 'SW31': ['D31'], 'SW30': ['D30'], 'SW29': ['D29'], 'SW28': ['D28'], 'SW27': ['D27'], 'SW26': ['D26'], 'SW25': ['D25'], 'SW24': ['D24'], 'SW23': ['D23'], 'SW22': ['D22'], 'SW21': ['D21'], 'SW20': ['D20'], 'SW19': ['D19'], 'SW18': ['D18'], 'SW17': ['D17'], 'SW16': ['D16'], 'SW15': ['D15'], 'SW14': ['D14'], 'SW13': ['D13'], 'SW12': ['D12'], 'SW11': ['D11'], 'SW10': ['D10'], 'SW9': ['D9'], 'SW8': ['D8'], 'SW7': ['D7'], 'SW6': ['D6'], 'SW5': ['D5'], 'SW4': ['D4'], 'SW3': ['D3'], 'SW2': ['D2'], 'SW1': ['D1']}
[board_modifier.py:64]: Searching for SW1 footprint in C:\Users\jamie\Documents\ElementWing\ElementWing.kicad_pcb
[key_placer.py:557]: Looking for connection template between SW1 and other elements
[board_modifier.py:98]: Getting SW1 footprint position: (55758750, 33367500)
[key_placer.py:601]: Got connection template: 
[key_placer.py:116]: Unexpected switch net position detected, each switch should have two unique nets unambiguously defining position in key matrix, switch-by-matrix association can't be used
[key_placer.py:123]: Switches by nets: {}
[key_placer.py:127]: Diodes by switch: {'SW88': ['D88'], 'SW87': ['D87'], 'SW86': ['D86'], 'SW85': ['D85'], 'SW84': ['D84'], 'SW83': ['D83'], 'SW82': ['D82'], 'SW81': ['D81'], 'SW80': ['D80'], 'SW79': ['D79'], 'SW78': ['D78'], 'SW77': ['D77'], 'SW76': ['D76'], 'SW75': ['D75'], 'SW74': ['D74'], 'SW73': ['D73'], 'SW72': ['D72', 'D69', 'D68', 'D67', 'D66', 'D65', 'D64', 'D63', 'D62', 'D61', 'D60'], 'SW71': ['D71'], 'SW70': ['D70'], 'SW69': ['D69'], 'SW68': ['D68'], 'SW67': ['D67'], 'SW66': ['D66'], 'SW65': ['D65'], 'SW64': ['D64'], 'SW63': ['D63'], 'SW62': ['D62'], 'SW61': ['D61'], 'SW60': ['D60'], 'SW59': ['D59'], 'SW58': ['D58'], 'SW57': ['D57'], 'SW56': ['D56'], 'SW55': ['D55'], 'SW54': ['D54'], 'SW53': ['D53'], 'SW52': ['D52'], 'SW51': ['D51'], 'SW50': ['D50'], 'SW49': ['D49'], 'SW48': ['D48'], 'SW47': ['D47'], 'SW46': ['D46'], 'SW45': ['D45'], 'SW44': ['D44'], 'SW43': ['D43'], 'SW42': ['D42'], 'SW41': ['D41'], 'SW40': ['D40'], 'SW39': ['D39'], 'SW38': ['D38'], 'SW37': ['D37'], 'SW36': ['D36'], 'SW35': ['D35'], 'SW34': ['D34'], 'SW33': ['D33'], 'SW32': ['D32'], 'SW31': ['D31'], 'SW30': ['D30'], 'SW29': ['D29'], 'SW28': ['D28'], 'SW27': ['D27'], 'SW26': ['D26'], 'SW25': ['D25'], 'SW24': ['D24'], 'SW23': ['D23'], 'SW22': ['D22'], 'SW21': ['D21'], 'SW20': ['D20'], 'SW19': ['D19'], 'SW18': ['D18'], 'SW17': ['D17'], 'SW16': ['D16'], 'SW15': ['D15'], 'SW14': ['D14'], 'SW13': ['D13'], 'SW12': ['D12'], 'SW11': ['D11'], 'SW10': ['D10'], 'SW9': ['D9'], 'SW8': ['D8'], 'SW7': ['D7'], 'SW6': ['D6'], 'SW5': ['D5'], 'SW4': ['D4'], 'SW3': ['D3'], 'SW2': ['D2'], 'SW1': ['D1']}
[board_modifier.py:98]: Getting SW1 footprint position: (55758750, 33367500)
[board_modifier.py:98]: Getting D1 footprint position: (173958750, 27367500)
[key_placer.py:899]: Element info updated: ElementInfo(annotation_format='D{}', position_option=<PositionOption.RELATIVE: 'Relative'>, position=ElementPosition(x=118.2, y=-6.0, orientation=0.0, side=<Side.FRONT: 'Front'>), template_path='')
[kle_serial.py:897]: User layout: [[{'a': 5, 'f': 2}, '\nDisplays', '\nAddress Patch', '\nML Controls', {'x': 0.5}, '\nS1', '\nS2', '\nS3', {'x': 0.5}, '\nS4', '\nS5', '\nS6', {'x': 0.5}, '\nMore SK', {'x': 0.5}, '\nLive', '\nBlind', '\nScroll Lock'], [{'y': 0.5}, '\nMacro', '\nHelp', '\nLearn', {'x': 0.5}, '\nQuery', '\nCopy To', '\nRecall From', {'x': 0.5}, '\nLabel Note', {'a': 7}, '', {'a': 5}, '\nAbout', {'x': 0.5}, '\nPark', {'x': 0.5}, '\nEscape', '\nPage ▲', '\nSelect'], ['\nDelete', '\nPath', '\nEffect', {'x': 0.5}, '\nGo To Cue', '\nBlock', '\nAssert', {'x': 0.5}, '\nUndo', '\nHigh', '\nFan', {'x': 0.5}, '\nCapture', {'x': 0.5}, '\nPage ◄', '\nPage ▼', '\nPage ►'], [{'y': 0.5}, '\nPart', '\nCue', '\nRecord', {'x': 0.5}, '\n+', '\nThru', '\n-', {'x': 0.5}, '\n/', '\nMark', '\nSneak', {'x': 0.5}, '\nSelect Last'], ['\nIntensity Palette', '\nFocus Palette', '\nRecord Only', {'x': 0.5}, '\n7', '\n8', '\n9', {'x': 0.5}, '\nRem Dim', '\n+%', '\nHome', {'x': 0.5}, '\nSelect Manual'], ['\nColor Palette', '\nBeam Palette', '\nUpdate', {'x': 0.5}, '\n4', '\n5', '\n6', {'x': 0.5}, '\nOut', '\n-%', '\nTrace', {'x': 0.5}, '\nSelect Active'], ['\nPreset', '\nSub', '\nGroup', {'x': 0.5}, '\n1', '\n2', '\n3', {'x': 0.5}, '\nFull', '\nLevel', '\nQ Only Track', {'x': 0.5}, '\nLast'], ['\nShift', '\nDelay', '\nTime', {'x': 0.5}, '\nClear', '\n0', '\n.', {'x': 0.5}, '\nAt', {'w': 2}, '\nEnter', {'x': 0.5}, '\nNext']]
[key_placer.py:661]: Layout offset: (28575000, 28575000)
[board_modifier.py:85]: Setting SW1 footprint position: (38100000, 38100000)
[board_modifier.py:85]: Setting SW2 footprint position: (57150000, 38100000)
[board_modifier.py:85]: Setting SW3 footprint position: (76200000, 38100000)
[board_modifier.py:85]: Setting SW4 footprint position: (104775000, 38100000)
[board_modifier.py:85]: Setting SW5 footprint position: (123825000, 38100000)
[board_modifier.py:85]: Setting SW6 footprint position: (142875000, 38100000)
[board_modifier.py:85]: Setting SW7 footprint position: (171450000, 38100000)
[board_modifier.py:85]: Setting SW8 footprint position: (190500000, 38100000)
[board_modifier.py:85]: Setting SW9 footprint position: (209550000, 38100000)
[board_modifier.py:85]: Setting SW10 footprint position: (238125000, 38100000)
[board_modifier.py:85]: Setting SW11 footprint position: (266700000, 38100000)
[board_modifier.py:85]: Setting SW12 footprint position: (285750000, 38100000)
[board_modifier.py:85]: Setting SW13 footprint position: (304800000, 38100000)
[board_modifier.py:85]: Setting SW14 footprint position: (38100000, 66675000)
[board_modifier.py:85]: Setting SW15 footprint position: (57150000, 66675000)
[board_modifier.py:85]: Setting SW16 footprint position: (76200000, 66675000)
[board_modifier.py:85]: Setting SW17 footprint position: (104775000, 66675000)
[board_modifier.py:85]: Setting SW18 footprint position: (123825000, 66675000)
[board_modifier.py:85]: Setting SW19 footprint position: (142875000, 66675000)
[board_modifier.py:85]: Setting SW20 footprint position: (171450000, 66675000)
[board_modifier.py:85]: Setting SW21 footprint position: (190500000, 66675000)
[board_modifier.py:85]: Setting SW22 footprint position: (209550000, 66675000)
[board_modifier.py:85]: Setting SW23 footprint position: (238125000, 66675000)
[board_modifier.py:85]: Setting SW24 footprint position: (266700000, 66675000)
[board_modifier.py:85]: Setting SW25 footprint position: (285750000, 66675000)
[board_modifier.py:85]: Setting SW26 footprint position: (304800000, 66675000)
[board_modifier.py:85]: Setting SW27 footprint position: (38100000, 85725000)
[board_modifier.py:85]: Setting SW28 footprint position: (57150000, 85725000)
[board_modifier.py:85]: Setting SW29 footprint position: (76200000, 85725000)
[board_modifier.py:85]: Setting SW30 footprint position: (104775000, 85725000)
[board_modifier.py:85]: Setting SW31 footprint position: (123825000, 85725000)
[board_modifier.py:85]: Setting SW32 footprint position: (142875000, 85725000)
[board_modifier.py:85]: Setting SW33 footprint position: (171450000, 85725000)
[board_modifier.py:85]: Setting SW34 footprint position: (190500000, 85725000)
[board_modifier.py:85]: Setting SW35 footprint position: (209550000, 85725000)
[board_modifier.py:85]: Setting SW36 footprint position: (238125000, 85725000)
[board_modifier.py:85]: Setting SW37 footprint position: (266700000, 85725000)
[board_modifier.py:85]: Setting SW38 footprint position: (285750000, 85725000)
[board_modifier.py:85]: Setting SW39 footprint position: (304800000, 85725000)
[board_modifier.py:85]: Setting SW40 footprint position: (38100000, 114300000)
[board_modifier.py:85]: Setting SW41 footprint position: (57150000, 114300000)
[board_modifier.py:85]: Setting SW42 footprint position: (76200000, 114300000)
[board_modifier.py:85]: Setting SW43 footprint position: (104775000, 114300000)
[board_modifier.py:85]: Setting SW44 footprint position: (123825000, 114300000)
[board_modifier.py:85]: Setting SW45 footprint position: (142875000, 114300000)
[board_modifier.py:85]: Setting SW46 footprint position: (171450000, 114300000)
[board_modifier.py:85]: Setting SW47 footprint position: (190500000, 114300000)
[board_modifier.py:85]: Setting SW48 footprint position: (209550000, 114300000)
[board_modifier.py:85]: Setting SW49 footprint position: (238125000, 114300000)
[board_modifier.py:85]: Setting SW50 footprint position: (38100000, 133350000)
[board_modifier.py:85]: Setting SW51 footprint position: (57150000, 133350000)
[board_modifier.py:85]: Setting SW52 footprint position: (76200000, 133350000)
[board_modifier.py:85]: Setting SW53 footprint position: (104775000, 133350000)
[board_modifier.py:85]: Setting SW54 footprint position: (123825000, 133350000)
[board_modifier.py:85]: Setting SW55 footprint position: (142875000, 133350000)
[board_modifier.py:85]: Setting SW56 footprint position: (171450000, 133350000)
[board_modifier.py:85]: Setting SW57 footprint position: (190500000, 133350000)
[board_modifier.py:85]: Setting SW58 footprint position: (209550000, 133350000)
[board_modifier.py:85]: Setting SW59 footprint position: (238125000, 133350000)
[board_modifier.py:85]: Setting SW60 footprint position: (38100000, 152400000)
[board_modifier.py:85]: Setting SW61 footprint position: (57150000, 152400000)
[board_modifier.py:85]: Setting SW62 footprint position: (76200000, 152400000)
[board_modifier.py:85]: Setting SW63 footprint position: (104775000, 152400000)
[board_modifier.py:85]: Setting SW64 footprint position: (123825000, 152400000)
[board_modifier.py:85]: Setting SW65 footprint position: (142875000, 152400000)
[board_modifier.py:85]: Setting SW66 footprint position: (171450000, 152400000)
[board_modifier.py:85]: Setting SW67 footprint position: (190500000, 152400000)
[board_modifier.py:85]: Setting SW68 footprint position: (209550000, 152400000)
[board_modifier.py:85]: Setting SW69 footprint position: (238125000, 152400000)
[board_modifier.py:85]: Setting SW70 footprint position: (38100000, 171450000)
[board_modifier.py:85]: Setting SW71 footprint position: (57150000, 171450000)
[board_modifier.py:85]: Setting SW72 footprint position: (76200000, 171450000)
[board_modifier.py:85]: Setting SW73 footprint position: (104775000, 171450000)
[board_modifier.py:85]: Setting SW74 footprint position: (123825000, 171450000)
[board_modifier.py:85]: Setting SW75 footprint position: (142875000, 171450000)
[board_modifier.py:85]: Setting SW76 footprint position: (171450000, 171450000)
[board_modifier.py:85]: Setting SW77 footprint position: (190500000, 171450000)
[board_modifier.py:85]: Setting SW78 footprint position: (209550000, 171450000)
[board_modifier.py:85]: Setting SW79 footprint position: (238125000, 171450000)
[board_modifier.py:85]: Setting SW80 footprint position: (38100000, 190500000)
[board_modifier.py:85]: Setting SW81 footprint position: (57150000, 190500000)
[board_modifier.py:85]: Setting SW82 footprint position: (76200000, 190500000)
[board_modifier.py:85]: Setting SW83 footprint position: (104775000, 190500000)
[board_modifier.py:85]: Setting SW84 footprint position: (123825000, 190500000)
[board_modifier.py:85]: Setting SW85 footprint position: (142875000, 190500000)
[board_modifier.py:85]: Setting SW86 footprint position: (171450000, 190500000)
[board_modifier.py:85]: Setting SW87 footprint position: (200025000, 190500000)
[board_modifier.py:85]: Setting SW88 footprint position: (238125000, 190500000)
[key_placer.py:996]: Diode info: [ElementInfo(annotation_format='D{}', position_option=<PositionOption.RELATIVE: 'Relative'>, position=ElementPosition(x=118.2, y=-6.0, orientation=0.0, side=<Side.FRONT: 'Front'>), template_path='')]
[board_modifier.py:98]: Getting SW1 footprint position: (38100000, 38100000)
[board_modifier.py:85]: Setting D1 footprint position: (156300000, 32100000)
[board_modifier.py:98]: Getting SW2 footprint position: (57150000, 38100000)
[board_modifier.py:85]: Setting D2 footprint position: (175350000, 32100000)
[board_modifier.py:98]: Getting SW3 footprint position: (76200000, 38100000)
[board_modifier.py:85]: Setting D3 footprint position: (194400000, 32100000)
[board_modifier.py:98]: Getting SW4 footprint position: (104775000, 38100000)
[board_modifier.py:85]: Setting D4 footprint position: (222975000, 32100000)
[board_modifier.py:98]: Getting SW5 footprint position: (123825000, 38100000)
[board_modifier.py:85]: Setting D5 footprint position: (242025000, 32100000)
[board_modifier.py:98]: Getting SW6 footprint position: (142875000, 38100000)
[board_modifier.py:85]: Setting D6 footprint position: (261075000, 32100000)
[board_modifier.py:98]: Getting SW7 footprint position: (171450000, 38100000)
[board_modifier.py:85]: Setting D7 footprint position: (289650000, 32100000)
[board_modifier.py:98]: Getting SW8 footprint position: (190500000, 38100000)
[board_modifier.py:85]: Setting D8 footprint position: (308700000, 32100000)
[board_modifier.py:98]: Getting SW9 footprint position: (209550000, 38100000)
[board_modifier.py:85]: Setting D9 footprint position: (327750000, 32100000)
[board_modifier.py:98]: Getting SW10 footprint position: (238125000, 38100000)
[board_modifier.py:85]: Setting D10 footprint position: (356325000, 32100000)
[board_modifier.py:98]: Getting SW11 footprint position: (266700000, 38100000)
[board_modifier.py:85]: Setting D11 footprint position: (384900000, 32100000)
[board_modifier.py:98]: Getting SW12 footprint position: (285750000, 38100000)
[board_modifier.py:85]: Setting D12 footprint position: (403950000, 32100000)
[board_modifier.py:98]: Getting SW13 footprint position: (304800000, 38100000)
[board_modifier.py:85]: Setting D13 footprint position: (423000000, 32100000)
[board_modifier.py:98]: Getting SW14 footprint position: (38100000, 66675000)
[board_modifier.py:85]: Setting D14 footprint position: (156300000, 60675000)
[board_modifier.py:98]: Getting SW15 footprint position: (57150000, 66675000)
[board_modifier.py:85]: Setting D15 footprint position: (175350000, 60675000)
[board_modifier.py:98]: Getting SW16 footprint position: (76200000, 66675000)
[board_modifier.py:85]: Setting D16 footprint position: (194400000, 60675000)
[board_modifier.py:98]: Getting SW17 footprint position: (104775000, 66675000)
[board_modifier.py:85]: Setting D17 footprint position: (222975000, 60675000)
[board_modifier.py:98]: Getting SW18 footprint position: (123825000, 66675000)
[board_modifier.py:85]: Setting D18 footprint position: (242025000, 60675000)
[board_modifier.py:98]: Getting SW19 footprint position: (142875000, 66675000)
[board_modifier.py:85]: Setting D19 footprint position: (261075000, 60675000)
[board_modifier.py:98]: Getting SW20 footprint position: (171450000, 66675000)
[board_modifier.py:85]: Setting D20 footprint position: (289650000, 60675000)
[board_modifier.py:98]: Getting SW21 footprint position: (190500000, 66675000)
[board_modifier.py:85]: Setting D21 footprint position: (308700000, 60675000)
[board_modifier.py:98]: Getting SW22 footprint position: (209550000, 66675000)
[board_modifier.py:85]: Setting D22 footprint position: (327750000, 60675000)
[board_modifier.py:98]: Getting SW23 footprint position: (238125000, 66675000)
[board_modifier.py:85]: Setting D23 footprint position: (356325000, 60675000)
[board_modifier.py:98]: Getting SW24 footprint position: (266700000, 66675000)
[board_modifier.py:85]: Setting D24 footprint position: (384900000, 60675000)
[board_modifier.py:98]: Getting SW25 footprint position: (285750000, 66675000)
[board_modifier.py:85]: Setting D25 footprint position: (403950000, 60675000)
[board_modifier.py:98]: Getting SW26 footprint position: (304800000, 66675000)
[board_modifier.py:85]: Setting D26 footprint position: (423000000, 60675000)
[board_modifier.py:98]: Getting SW27 footprint position: (38100000, 85725000)
[board_modifier.py:85]: Setting D27 footprint position: (156300000, 79725000)
[board_modifier.py:98]: Getting SW28 footprint position: (57150000, 85725000)
[board_modifier.py:85]: Setting D28 footprint position: (175350000, 79725000)
[board_modifier.py:98]: Getting SW29 footprint position: (76200000, 85725000)
[board_modifier.py:85]: Setting D29 footprint position: (194400000, 79725000)
[board_modifier.py:98]: Getting SW30 footprint position: (104775000, 85725000)
[board_modifier.py:85]: Setting D30 footprint position: (222975000, 79725000)
[board_modifier.py:98]: Getting SW31 footprint position: (123825000, 85725000)
[board_modifier.py:85]: Setting D31 footprint position: (242025000, 79725000)
[board_modifier.py:98]: Getting SW32 footprint position: (142875000, 85725000)
[board_modifier.py:85]: Setting D32 footprint position: (261075000, 79725000)
[board_modifier.py:98]: Getting SW33 footprint position: (171450000, 85725000)
[board_modifier.py:85]: Setting D33 footprint position: (289650000, 79725000)
[board_modifier.py:98]: Getting SW34 footprint position: (190500000, 85725000)
[board_modifier.py:85]: Setting D34 footprint position: (308700000, 79725000)
[board_modifier.py:98]: Getting SW35 footprint position: (209550000, 85725000)
[board_modifier.py:85]: Setting D35 footprint position: (327750000, 79725000)
[board_modifier.py:98]: Getting SW36 footprint position: (238125000, 85725000)
[board_modifier.py:85]: Setting D36 footprint position: (356325000, 79725000)
[board_modifier.py:98]: Getting SW37 footprint position: (266700000, 85725000)
[board_modifier.py:85]: Setting D37 footprint position: (384900000, 79725000)
[board_modifier.py:98]: Getting SW38 footprint position: (285750000, 85725000)
[board_modifier.py:85]: Setting D38 footprint position: (403950000, 79725000)
[board_modifier.py:98]: Getting SW39 footprint position: (304800000, 85725000)
[board_modifier.py:85]: Setting D39 footprint position: (423000000, 79725000)
[board_modifier.py:98]: Getting SW40 footprint position: (38100000, 114300000)
[board_modifier.py:85]: Setting D40 footprint position: (156300000, 108300000)
[board_modifier.py:98]: Getting SW41 footprint position: (57150000, 114300000)
[board_modifier.py:85]: Setting D41 footprint position: (175350000, 108300000)
[board_modifier.py:98]: Getting SW42 footprint position: (76200000, 114300000)
[board_modifier.py:85]: Setting D42 footprint position: (194400000, 108300000)
[board_modifier.py:98]: Getting SW43 footprint position: (104775000, 114300000)
[board_modifier.py:85]: Setting D43 footprint position: (222975000, 108300000)
[board_modifier.py:98]: Getting SW44 footprint position: (123825000, 114300000)
[board_modifier.py:85]: Setting D44 footprint position: (242025000, 108300000)
[board_modifier.py:98]: Getting SW45 footprint position: (142875000, 114300000)
[board_modifier.py:85]: Setting D45 footprint position: (261075000, 108300000)
[board_modifier.py:98]: Getting SW46 footprint position: (171450000, 114300000)
[board_modifier.py:85]: Setting D46 footprint position: (289650000, 108300000)
[board_modifier.py:98]: Getting SW47 footprint position: (190500000, 114300000)
[board_modifier.py:85]: Setting D47 footprint position: (308700000, 108300000)
[board_modifier.py:98]: Getting SW48 footprint position: (209550000, 114300000)
[board_modifier.py:85]: Setting D48 footprint position: (327750000, 108300000)
[board_modifier.py:98]: Getting SW49 footprint position: (238125000, 114300000)
[board_modifier.py:85]: Setting D49 footprint position: (356325000, 108300000)
[board_modifier.py:98]: Getting SW50 footprint position: (38100000, 133350000)
[board_modifier.py:85]: Setting D50 footprint position: (156300000, 127350000)
[board_modifier.py:98]: Getting SW51 footprint position: (57150000, 133350000)
[board_modifier.py:85]: Setting D51 footprint position: (175350000, 127350000)
[board_modifier.py:98]: Getting SW52 footprint position: (76200000, 133350000)
[board_modifier.py:85]: Setting D52 footprint position: (194400000, 127350000)
[board_modifier.py:98]: Getting SW53 footprint position: (104775000, 133350000)
[board_modifier.py:85]: Setting D53 footprint position: (222975000, 127350000)
[board_modifier.py:98]: Getting SW54 footprint position: (123825000, 133350000)
[board_modifier.py:85]: Setting D54 footprint position: (242025000, 127350000)
[board_modifier.py:98]: Getting SW55 footprint position: (142875000, 133350000)
[board_modifier.py:85]: Setting D55 footprint position: (261075000, 127350000)
[board_modifier.py:98]: Getting SW56 footprint position: (171450000, 133350000)
[board_modifier.py:85]: Setting D56 footprint position: (289650000, 127350000)
[board_modifier.py:98]: Getting SW57 footprint position: (190500000, 133350000)
[board_modifier.py:85]: Setting D57 footprint position: (308700000, 127350000)
[board_modifier.py:98]: Getting SW58 footprint position: (209550000, 133350000)
[board_modifier.py:85]: Setting D58 footprint position: (327750000, 127350000)
[board_modifier.py:98]: Getting SW59 footprint position: (238125000, 133350000)
[board_modifier.py:85]: Setting D59 footprint position: (356325000, 127350000)
[board_modifier.py:98]: Getting SW60 footprint position: (38100000, 152400000)
[board_modifier.py:85]: Setting D60 footprint position: (156300000, 146400000)
[board_modifier.py:98]: Getting SW61 footprint position: (57150000, 152400000)
[board_modifier.py:85]: Setting D61 footprint position: (175350000, 146400000)
[board_modifier.py:98]: Getting SW62 footprint position: (76200000, 152400000)
[board_modifier.py:85]: Setting D62 footprint position: (194400000, 146400000)
[board_modifier.py:98]: Getting SW63 footprint position: (104775000, 152400000)
[board_modifier.py:85]: Setting D63 footprint position: (222975000, 146400000)
[board_modifier.py:98]: Getting SW64 footprint position: (123825000, 152400000)
[board_modifier.py:85]: Setting D64 footprint position: (242025000, 146400000)
[board_modifier.py:98]: Getting SW65 footprint position: (142875000, 152400000)
[board_modifier.py:85]: Setting D65 footprint position: (261075000, 146400000)
[board_modifier.py:98]: Getting SW66 footprint position: (171450000, 152400000)
[board_modifier.py:85]: Setting D66 footprint position: (289650000, 146400000)
[board_modifier.py:98]: Getting SW67 footprint position: (190500000, 152400000)
[board_modifier.py:85]: Setting D67 footprint position: (308700000, 146400000)
[board_modifier.py:98]: Getting SW68 footprint position: (209550000, 152400000)
[board_modifier.py:85]: Setting D68 footprint position: (327750000, 146400000)
[board_modifier.py:98]: Getting SW69 footprint position: (238125000, 152400000)
[board_modifier.py:85]: Setting D69 footprint position: (356325000, 146400000)
[board_modifier.py:98]: Getting SW70 footprint position: (38100000, 171450000)
[board_modifier.py:85]: Setting D70 footprint position: (156300000, 165450000)
[board_modifier.py:98]: Getting SW71 footprint position: (57150000, 171450000)
[board_modifier.py:85]: Setting D71 footprint position: (175350000, 165450000)
[board_modifier.py:98]: Getting SW72 footprint position: (76200000, 171450000)
[board_modifier.py:85]: Setting D72 footprint position: (194400000, 165450000)
[board_modifier.py:98]: Getting SW73 footprint position: (104775000, 171450000)
[board_modifier.py:85]: Setting D73 footprint position: (222975000, 165450000)
[board_modifier.py:98]: Getting SW74 footprint position: (123825000, 171450000)
[board_modifier.py:85]: Setting D74 footprint position: (242025000, 165450000)
[board_modifier.py:98]: Getting SW75 footprint position: (142875000, 171450000)
[board_modifier.py:85]: Setting D75 footprint position: (261075000, 165450000)
[board_modifier.py:98]: Getting SW76 footprint position: (171450000, 171450000)
[board_modifier.py:85]: Setting D76 footprint position: (289650000, 165450000)
[board_modifier.py:98]: Getting SW77 footprint position: (190500000, 171450000)
[board_modifier.py:85]: Setting D77 footprint position: (308700000, 165450000)
[board_modifier.py:98]: Getting SW78 footprint position: (209550000, 171450000)
[board_modifier.py:85]: Setting D78 footprint position: (327750000, 165450000)
[board_modifier.py:98]: Getting SW79 footprint position: (238125000, 171450000)
[board_modifier.py:85]: Setting D79 footprint position: (356325000, 165450000)
[board_modifier.py:98]: Getting SW80 footprint position: (38100000, 190500000)
[board_modifier.py:85]: Setting D80 footprint position: (156300000, 184500000)
[board_modifier.py:98]: Getting SW81 footprint position: (57150000, 190500000)
[board_modifier.py:85]: Setting D81 footprint position: (175350000, 184500000)
[board_modifier.py:98]: Getting SW82 footprint position: (76200000, 190500000)
[board_modifier.py:85]: Setting D82 footprint position: (194400000, 184500000)
[board_modifier.py:98]: Getting SW83 footprint position: (104775000, 190500000)
[board_modifier.py:85]: Setting D83 footprint position: (222975000, 184500000)
[board_modifier.py:98]: Getting SW84 footprint position: (123825000, 190500000)
[board_modifier.py:85]: Setting D84 footprint position: (242025000, 184500000)
[board_modifier.py:98]: Getting SW85 footprint position: (142875000, 190500000)
[board_modifier.py:85]: Setting D85 footprint position: (261075000, 184500000)
[board_modifier.py:98]: Getting SW86 footprint position: (171450000, 190500000)
[board_modifier.py:85]: Setting D86 footprint position: (289650000, 184500000)
[board_modifier.py:98]: Getting SW87 footprint position: (200025000, 190500000)
[board_modifier.py:85]: Setting D87 footprint position: (318225000, 184500000)
[board_modifier.py:98]: Getting SW88 footprint position: (238125000, 190500000)
[board_modifier.py:85]: Setting D88 footprint position: (356325000, 184500000)
[key_placer.py:774]: Placing additional elements for SW88
[board_modifier.py:98]: Getting SW88 footprint position: (238125000, 190500000)
[board_modifier.py:75]: Searching for optional ST88 footprint in C:\Users\jamie\Documents\ElementWing\ElementWing.kicad_pcb
[board_modifier.py:80]: Footprint not found
[key_placer.py:774]: Placing additional elements for SW87
[board_modifier.py:98]: Getting SW87 footprint position: (200025000, 190500000)
[board_modifier.py:75]: Searching for optional ST87 footprint in C:\Users\jamie\Documents\ElementWing\ElementWing.kicad_pcb
[board_modifier.py:80]: Footprint not found
[key_placer.py:774]: Placing additional elements for SW86
[board_modifier.py:98]: Getting SW86 footprint position: (171450000, 190500000)
[board_modifier.py:75]: Searching for optional ST86 footprint in C:\Users\jamie\Documents\ElementWing\ElementWing.kicad_pcb
[board_modifier.py:80]: Footprint not found
[key_placer.py:774]: Placing additional elements for SW85
[board_modifier.py:98]: Getting SW85 footprint position: (142875000, 190500000)
[board_modifier.py:75]: Searching for optional ST85 footprint in C:\Users\jamie\Documents\ElementWing\ElementWing.kicad_pcb
[board_modifier.py:80]: Footprint not found
[key_placer.py:774]: Placing additional elements for SW84
[board_modifier.py:98]: Getting SW84 footprint position: (123825000, 190500000)
[board_modifier.py:75]: Searching for optional ST84 footprint in C:\Users\jamie\Documents\ElementWing\ElementWing.kicad_pcb
[board_modifier.py:80]: Footprint not found
[key_placer.py:774]: Placing additional elements for SW83
[board_modifier.py:98]: Getting SW83 footprint position: (104775000, 190500000)
[board_modifier.py:75]: Searching for optional ST83 footprint in C:\Users\jamie\Documents\ElementWing\ElementWing.kicad_pcb
[board_modifier.py:80]: Footprint not found
[key_placer.py:774]: Placing additional elements for SW82
[board_modifier.py:98]: Getting SW82 footprint position: (76200000, 190500000)
[board_modifier.py:75]: Searching for optional ST82 footprint in C:\Users\jamie\Documents\ElementWing\ElementWing.kicad_pcb
[board_modifier.py:80]: Footprint not found
[key_placer.py:774]: Placing additional elements for SW81
[board_modifier.py:98]: Getting SW81 footprint position: (57150000, 190500000)
[board_modifier.py:75]: Searching for optional ST81 footprint in C:\Users\jamie\Documents\ElementWing\ElementWing.kicad_pcb
[board_modifier.py:80]: Footprint not found
[key_placer.py:774]: Placing additional elements for SW80
[board_modifier.py:98]: Getting SW80 footprint position: (38100000, 190500000)
[board_modifier.py:75]: Searching for optional ST80 footprint in C:\Users\jamie\Documents\ElementWing\ElementWing.kicad_pcb
[board_modifier.py:80]: Footprint not found
[key_placer.py:774]: Placing additional elements for SW79
[board_modifier.py:98]: Getting SW79 footprint position: (238125000, 171450000)
[board_modifier.py:75]: Searching for optional ST79 footprint in C:\Users\jamie\Documents\ElementWing\ElementWing.kicad_pcb
[board_modifier.py:80]: Footprint not found
[key_placer.py:774]: Placing additional elements for SW78
[board_modifier.py:98]: Getting SW78 footprint position: (209550000, 171450000)
[board_modifier.py:75]: Searching for optional ST78 footprint in C:\Users\jamie\Documents\ElementWing\ElementWing.kicad_pcb
[board_modifier.py:80]: Footprint not found
[key_placer.py:774]: Placing additional elements for SW77
[board_modifier.py:98]: Getting SW77 footprint position: (190500000, 171450000)
[board_modifier.py:75]: Searching for optional ST77 footprint in C:\Users\jamie\Documents\ElementWing\ElementWing.kicad_pcb
[board_modifier.py:80]: Footprint not found
[key_placer.py:774]: Placing additional elements for SW76
[board_modifier.py:98]: Getting SW76 footprint position: (171450000, 171450000)
[board_modifier.py:75]: Searching for optional ST76 footprint in C:\Users\jamie\Documents\ElementWing\ElementWing.kicad_pcb
[board_modifier.py:80]: Footprint not found
[key_placer.py:774]: Placing additional elements for SW75
[board_modifier.py:98]: Getting SW75 footprint position: (142875000, 171450000)
[board_modifier.py:75]: Searching for optional ST75 footprint in C:\Users\jamie\Documents\ElementWing\ElementWing.kicad_pcb
[board_modifier.py:80]: Footprint not found
[key_placer.py:774]: Placing additional elements for SW74
[board_modifier.py:98]: Getting SW74 footprint position: (123825000, 171450000)
[board_modifier.py:75]: Searching for optional ST74 footprint in C:\Users\jamie\Documents\ElementWing\ElementWing.kicad_pcb
[board_modifier.py:80]: Footprint not found
[key_placer.py:774]: Placing additional elements for SW73
[board_modifier.py:98]: Getting SW73 footprint position: (104775000, 171450000)
[board_modifier.py:75]: Searching for optional ST73 footprint in C:\Users\jamie\Documents\ElementWing\ElementWing.kicad_pcb
[board_modifier.py:80]: Footprint not found
[key_placer.py:774]: Placing additional elements for SW72
[board_modifier.py:98]: Getting SW72 footprint position: (76200000, 171450000)
[board_modifier.py:75]: Searching for optional ST72 footprint in C:\Users\jamie\Documents\ElementWing\ElementWing.kicad_pcb
[board_modifier.py:80]: Footprint not found
[key_placer.py:774]: Placing additional elements for SW71
[board_modifier.py:98]: Getting SW71 footprint position: (57150000, 171450000)
[board_modifier.py:75]: Searching for optional ST71 footprint in C:\Users\jamie\Documents\ElementWing\ElementWing.kicad_pcb
[board_modifier.py:80]: Footprint not found
[key_placer.py:774]: Placing additional elements for SW70
[board_modifier.py:98]: Getting SW70 footprint position: (38100000, 171450000)
[board_modifier.py:75]: Searching for optional ST70 footprint in C:\Users\jamie\Documents\ElementWing\ElementWing.kicad_pcb
[board_modifier.py:80]: Footprint not found
[key_placer.py:774]: Placing additional elements for SW69
[board_modifier.py:98]: Getting SW69 footprint position: (238125000, 152400000)
[board_modifier.py:75]: Searching for optional ST69 footprint in C:\Users\jamie\Documents\ElementWing\ElementWing.kicad_pcb
[board_modifier.py:80]: Footprint not found
[key_placer.py:774]: Placing additional elements for SW68
[board_modifier.py:98]: Getting SW68 footprint position: (209550000, 152400000)
[board_modifier.py:75]: Searching for optional ST68 footprint in C:\Users\jamie\Documents\ElementWing\ElementWing.kicad_pcb
[board_modifier.py:80]: Footprint not found
[key_placer.py:774]: Placing additional elements for SW67
[board_modifier.py:98]: Getting SW67 footprint position: (190500000, 152400000)
[board_modifier.py:75]: Searching for optional ST67 footprint in C:\Users\jamie\Documents\ElementWing\ElementWing.kicad_pcb
[board_modifier.py:80]: Footprint not found
[key_placer.py:774]: Placing additional elements for SW66
[board_modifier.py:98]: Getting SW66 footprint position: (171450000, 152400000)
[board_modifier.py:75]: Searching for optional ST66 footprint in C:\Users\jamie\Documents\ElementWing\ElementWing.kicad_pcb
[board_modifier.py:80]: Footprint not found
[key_placer.py:774]: Placing additional elements for SW65
[board_modifier.py:98]: Getting SW65 footprint position: (142875000, 152400000)
[board_modifier.py:75]: Searching for optional ST65 footprint in C:\Users\jamie\Documents\ElementWing\ElementWing.kicad_pcb
[board_modifier.py:80]: Footprint not found
[key_placer.py:774]: Placing additional elements for SW64
[board_modifier.py:98]: Getting SW64 footprint position: (123825000, 152400000)
[board_modifier.py:75]: Searching for optional ST64 footprint in C:\Users\jamie\Documents\ElementWing\ElementWing.kicad_pcb
[board_modifier.py:80]: Footprint not found
[key_placer.py:774]: Placing additional elements for SW63
[board_modifier.py:98]: Getting SW63 footprint position: (104775000, 152400000)
[board_modifier.py:75]: Searching for optional ST63 footprint in C:\Users\jamie\Documents\ElementWing\ElementWing.kicad_pcb
[board_modifier.py:80]: Footprint not found
[key_placer.py:774]: Placing additional elements for SW62
[board_modifier.py:98]: Getting SW62 footprint position: (76200000, 152400000)
[board_modifier.py:75]: Searching for optional ST62 footprint in C:\Users\jamie\Documents\ElementWing\ElementWing.kicad_pcb
[board_modifier.py:80]: Footprint not found
[key_placer.py:774]: Placing additional elements for SW61
[board_modifier.py:98]: Getting SW61 footprint position: (57150000, 152400000)
[board_modifier.py:75]: Searching for optional ST61 footprint in C:\Users\jamie\Documents\ElementWing\ElementWing.kicad_pcb
[board_modifier.py:80]: Footprint not found
[key_placer.py:774]: Placing additional elements for SW60
[board_modifier.py:98]: Getting SW60 footprint position: (38100000, 152400000)
[board_modifier.py:75]: Searching for optional ST60 footprint in C:\Users\jamie\Documents\ElementWing\ElementWing.kicad_pcb
[board_modifier.py:80]: Footprint not found
[key_placer.py:774]: Placing additional elements for SW59
[board_modifier.py:98]: Getting SW59 footprint position: (238125000, 133350000)
[board_modifier.py:75]: Searching for optional ST59 footprint in C:\Users\jamie\Documents\ElementWing\ElementWing.kicad_pcb
[board_modifier.py:80]: Footprint not found
[key_placer.py:774]: Placing additional elements for SW58
[board_modifier.py:98]: Getting SW58 footprint position: (209550000, 133350000)
[board_modifier.py:75]: Searching for optional ST58 footprint in C:\Users\jamie\Documents\ElementWing\ElementWing.kicad_pcb
[board_modifier.py:80]: Footprint not found
[key_placer.py:774]: Placing additional elements for SW57
[board_modifier.py:98]: Getting SW57 footprint position: (190500000, 133350000)
[board_modifier.py:75]: Searching for optional ST57 footprint in C:\Users\jamie\Documents\ElementWing\ElementWing.kicad_pcb
[board_modifier.py:80]: Footprint not found
[key_placer.py:774]: Placing additional elements for SW56
[board_modifier.py:98]: Getting SW56 footprint position: (171450000, 133350000)
[board_modifier.py:75]: Searching for optional ST56 footprint in C:\Users\jamie\Documents\ElementWing\ElementWing.kicad_pcb
[board_modifier.py:80]: Footprint not found
[key_placer.py:774]: Placing additional elements for SW55
[board_modifier.py:98]: Getting SW55 footprint position: (142875000, 133350000)
[board_modifier.py:75]: Searching for optional ST55 footprint in C:\Users\jamie\Documents\ElementWing\ElementWing.kicad_pcb
[board_modifier.py:80]: Footprint not found
[key_placer.py:774]: Placing additional elements for SW54
[board_modifier.py:98]: Getting SW54 footprint position: (123825000, 133350000)
[board_modifier.py:75]: Searching for optional ST54 footprint in C:\Users\jamie\Documents\ElementWing\ElementWing.kicad_pcb
[board_modifier.py:80]: Footprint not found
[key_placer.py:774]: Placing additional elements for SW53
[board_modifier.py:98]: Getting SW53 footprint position: (104775000, 133350000)
[board_modifier.py:75]: Searching for optional ST53 footprint in C:\Users\jamie\Documents\ElementWing\ElementWing.kicad_pcb
[board_modifier.py:80]: Footprint not found
[key_placer.py:774]: Placing additional elements for SW52
[board_modifier.py:98]: Getting SW52 footprint position: (76200000, 133350000)
[board_modifier.py:75]: Searching for optional ST52 footprint in C:\Users\jamie\Documents\ElementWing\ElementWing.kicad_pcb
[board_modifier.py:80]: Footprint not found
[key_placer.py:774]: Placing additional elements for SW51
[board_modifier.py:98]: Getting SW51 footprint position: (57150000, 133350000)
[board_modifier.py:75]: Searching for optional ST51 footprint in C:\Users\jamie\Documents\ElementWing\ElementWing.kicad_pcb
[board_modifier.py:80]: Footprint not found
[key_placer.py:774]: Placing additional elements for SW50
[board_modifier.py:98]: Getting SW50 footprint position: (38100000, 133350000)
[board_modifier.py:75]: Searching for optional ST50 footprint in C:\Users\jamie\Documents\ElementWing\ElementWing.kicad_pcb
[board_modifier.py:80]: Footprint not found
[key_placer.py:774]: Placing additional elements for SW49
[board_modifier.py:98]: Getting SW49 footprint position: (238125000, 114300000)
[board_modifier.py:75]: Searching for optional ST49 footprint in C:\Users\jamie\Documents\ElementWing\ElementWing.kicad_pcb
[board_modifier.py:80]: Footprint not found
[key_placer.py:774]: Placing additional elements for SW48
[board_modifier.py:98]: Getting SW48 footprint position: (209550000, 114300000)
[board_modifier.py:75]: Searching for optional ST48 footprint in C:\Users\jamie\Documents\ElementWing\ElementWing.kicad_pcb
[board_modifier.py:80]: Footprint not found
[key_placer.py:774]: Placing additional elements for SW47
[board_modifier.py:98]: Getting SW47 footprint position: (190500000, 114300000)
[board_modifier.py:75]: Searching for optional ST47 footprint in C:\Users\jamie\Documents\ElementWing\ElementWing.kicad_pcb
[board_modifier.py:80]: Footprint not found
[key_placer.py:774]: Placing additional elements for SW46
[board_modifier.py:98]: Getting SW46 footprint position: (171450000, 114300000)
[board_modifier.py:75]: Searching for optional ST46 footprint in C:\Users\jamie\Documents\ElementWing\ElementWing.kicad_pcb
[board_modifier.py:80]: Footprint not found
[key_placer.py:774]: Placing additional elements for SW45
[board_modifier.py:98]: Getting SW45 footprint position: (142875000, 114300000)
[board_modifier.py:75]: Searching for optional ST45 footprint in C:\Users\jamie\Documents\ElementWing\ElementWing.kicad_pcb
[board_modifier.py:80]: Footprint not found
[key_placer.py:774]: Placing additional elements for SW44
[board_modifier.py:98]: Getting SW44 footprint position: (123825000, 114300000)
[board_modifier.py:75]: Searching for optional ST44 footprint in C:\Users\jamie\Documents\ElementWing\ElementWing.kicad_pcb
[board_modifier.py:80]: Footprint not found
[key_placer.py:774]: Placing additional elements for SW43
[board_modifier.py:98]: Getting SW43 footprint position: (104775000, 114300000)
[board_modifier.py:75]: Searching for optional ST43 footprint in C:\Users\jamie\Documents\ElementWing\ElementWing.kicad_pcb
[board_modifier.py:80]: Footprint not found
[key_placer.py:774]: Placing additional elements for SW42
[board_modifier.py:98]: Getting SW42 footprint position: (76200000, 114300000)
[board_modifier.py:75]: Searching for optional ST42 footprint in C:\Users\jamie\Documents\ElementWing\ElementWing.kicad_pcb
[board_modifier.py:80]: Footprint not found
[key_placer.py:774]: Placing additional elements for SW41
[board_modifier.py:98]: Getting SW41 footprint position: (57150000, 114300000)
[board_modifier.py:75]: Searching for optional ST41 footprint in C:\Users\jamie\Documents\ElementWing\ElementWing.kicad_pcb
[board_modifier.py:80]: Footprint not found
[key_placer.py:774]: Placing additional elements for SW40
[board_modifier.py:98]: Getting SW40 footprint position: (38100000, 114300000)
[board_modifier.py:75]: Searching for optional ST40 footprint in C:\Users\jamie\Documents\ElementWing\ElementWing.kicad_pcb
[board_modifier.py:80]: Footprint not found
[key_placer.py:774]: Placing additional elements for SW39
[board_modifier.py:98]: Getting SW39 footprint position: (304800000, 85725000)
[board_modifier.py:75]: Searching for optional ST39 footprint in C:\Users\jamie\Documents\ElementWing\ElementWing.kicad_pcb
[board_modifier.py:80]: Footprint not found
[key_placer.py:774]: Placing additional elements for SW38
[board_modifier.py:98]: Getting SW38 footprint position: (285750000, 85725000)
[board_modifier.py:75]: Searching for optional ST38 footprint in C:\Users\jamie\Documents\ElementWing\ElementWing.kicad_pcb
[board_modifier.py:80]: Footprint not found
[key_placer.py:774]: Placing additional elements for SW37
[board_modifier.py:98]: Getting SW37 footprint position: (266700000, 85725000)
[board_modifier.py:75]: Searching for optional ST37 footprint in C:\Users\jamie\Documents\ElementWing\ElementWing.kicad_pcb
[board_modifier.py:80]: Footprint not found
[key_placer.py:774]: Placing additional elements for SW36
[board_modifier.py:98]: Getting SW36 footprint position: (238125000, 85725000)
[board_modifier.py:75]: Searching for optional ST36 footprint in C:\Users\jamie\Documents\ElementWing\ElementWing.kicad_pcb
[board_modifier.py:80]: Footprint not found
[key_placer.py:774]: Placing additional elements for SW35
[board_modifier.py:98]: Getting SW35 footprint position: (209550000, 85725000)
[board_modifier.py:75]: Searching for optional ST35 footprint in C:\Users\jamie\Documents\ElementWing\ElementWing.kicad_pcb
[board_modifier.py:80]: Footprint not found
[key_placer.py:774]: Placing additional elements for SW34
[board_modifier.py:98]: Getting SW34 footprint position: (190500000, 85725000)
[board_modifier.py:75]: Searching for optional ST34 footprint in C:\Users\jamie\Documents\ElementWing\ElementWing.kicad_pcb
[board_modifier.py:80]: Footprint not found
[key_placer.py:774]: Placing additional elements for SW33
[board_modifier.py:98]: Getting SW33 footprint position: (171450000, 85725000)
[board_modifier.py:75]: Searching for optional ST33 footprint in C:\Users\jamie\Documents\ElementWing\ElementWing.kicad_pcb
[board_modifier.py:80]: Footprint not found
[key_placer.py:774]: Placing additional elements for SW32
[board_modifier.py:98]: Getting SW32 footprint position: (142875000, 85725000)
[board_modifier.py:75]: Searching for optional ST32 footprint in C:\Users\jamie\Documents\ElementWing\ElementWing.kicad_pcb
[board_modifier.py:80]: Footprint not found
[key_placer.py:774]: Placing additional elements for SW31
[board_modifier.py:98]: Getting SW31 footprint position: (123825000, 85725000)
[board_modifier.py:75]: Searching for optional ST31 footprint in C:\Users\jamie\Documents\ElementWing\ElementWing.kicad_pcb
[board_modifier.py:80]: Footprint not found
[key_placer.py:774]: Placing additional elements for SW30
[board_modifier.py:98]: Getting SW30 footprint position: (104775000, 85725000)
[board_modifier.py:75]: Searching for optional ST30 footprint in C:\Users\jamie\Documents\ElementWing\ElementWing.kicad_pcb
[board_modifier.py:80]: Footprint not found
[key_placer.py:774]: Placing additional elements for SW29
[board_modifier.py:98]: Getting SW29 footprint position: (76200000, 85725000)
[board_modifier.py:75]: Searching for optional ST29 footprint in C:\Users\jamie\Documents\ElementWing\ElementWing.kicad_pcb
[board_modifier.py:80]: Footprint not found
[key_placer.py:774]: Placing additional elements for SW28
[board_modifier.py:98]: Getting SW28 footprint position: (57150000, 85725000)
[board_modifier.py:75]: Searching for optional ST28 footprint in C:\Users\jamie\Documents\ElementWing\ElementWing.kicad_pcb
[board_modifier.py:80]: Footprint not found
[key_placer.py:774]: Placing additional elements for SW27
[board_modifier.py:98]: Getting SW27 footprint position: (38100000, 85725000)
[board_modifier.py:75]: Searching for optional ST27 footprint in C:\Users\jamie\Documents\ElementWing\ElementWing.kicad_pcb
[board_modifier.py:80]: Footprint not found
[key_placer.py:774]: Placing additional elements for SW26
[board_modifier.py:98]: Getting SW26 footprint position: (304800000, 66675000)
[board_modifier.py:75]: Searching for optional ST26 footprint in C:\Users\jamie\Documents\ElementWing\ElementWing.kicad_pcb
[board_modifier.py:80]: Footprint not found
[key_placer.py:774]: Placing additional elements for SW25
[board_modifier.py:98]: Getting SW25 footprint position: (285750000, 66675000)
[board_modifier.py:75]: Searching for optional ST25 footprint in C:\Users\jamie\Documents\ElementWing\ElementWing.kicad_pcb
[board_modifier.py:80]: Footprint not found
[key_placer.py:774]: Placing additional elements for SW24
[board_modifier.py:98]: Getting SW24 footprint position: (266700000, 66675000)
[board_modifier.py:75]: Searching for optional ST24 footprint in C:\Users\jamie\Documents\ElementWing\ElementWing.kicad_pcb
[board_modifier.py:80]: Footprint not found
[key_placer.py:774]: Placing additional elements for SW23
[board_modifier.py:98]: Getting SW23 footprint position: (238125000, 66675000)
[board_modifier.py:75]: Searching for optional ST23 footprint in C:\Users\jamie\Documents\ElementWing\ElementWing.kicad_pcb
[board_modifier.py:80]: Footprint not found
[key_placer.py:774]: Placing additional elements for SW22
[board_modifier.py:98]: Getting SW22 footprint position: (209550000, 66675000)
[board_modifier.py:75]: Searching for optional ST22 footprint in C:\Users\jamie\Documents\ElementWing\ElementWing.kicad_pcb
[board_modifier.py:80]: Footprint not found
[key_placer.py:774]: Placing additional elements for SW21
[board_modifier.py:98]: Getting SW21 footprint position: (190500000, 66675000)
[board_modifier.py:75]: Searching for optional ST21 footprint in C:\Users\jamie\Documents\ElementWing\ElementWing.kicad_pcb
[board_modifier.py:80]: Footprint not found
[key_placer.py:774]: Placing additional elements for SW20
[board_modifier.py:98]: Getting SW20 footprint position: (171450000, 66675000)
[board_modifier.py:75]: Searching for optional ST20 footprint in C:\Users\jamie\Documents\ElementWing\ElementWing.kicad_pcb
[board_modifier.py:80]: Footprint not found
[key_placer.py:774]: Placing additional elements for SW19
[board_modifier.py:98]: Getting SW19 footprint position: (142875000, 66675000)
[board_modifier.py:75]: Searching for optional ST19 footprint in C:\Users\jamie\Documents\ElementWing\ElementWing.kicad_pcb
[board_modifier.py:80]: Footprint not found
[key_placer.py:774]: Placing additional elements for SW18
[board_modifier.py:98]: Getting SW18 footprint position: (123825000, 66675000)
[board_modifier.py:75]: Searching for optional ST18 footprint in C:\Users\jamie\Documents\ElementWing\ElementWing.kicad_pcb
[board_modifier.py:80]: Footprint not found
[key_placer.py:774]: Placing additional elements for SW17
[board_modifier.py:98]: Getting SW17 footprint position: (104775000, 66675000)
[board_modifier.py:75]: Searching for optional ST17 footprint in C:\Users\jamie\Documents\ElementWing\ElementWing.kicad_pcb
[board_modifier.py:80]: Footprint not found
[key_placer.py:774]: Placing additional elements for SW16
[board_modifier.py:98]: Getting SW16 footprint position: (76200000, 66675000)
[board_modifier.py:75]: Searching for optional ST16 footprint in C:\Users\jamie\Documents\ElementWing\ElementWing.kicad_pcb
[board_modifier.py:80]: Footprint not found
[key_placer.py:774]: Placing additional elements for SW15
[board_modifier.py:98]: Getting SW15 footprint position: (57150000, 66675000)
[board_modifier.py:75]: Searching for optional ST15 footprint in C:\Users\jamie\Documents\ElementWing\ElementWing.kicad_pcb
[board_modifier.py:80]: Footprint not found
[key_placer.py:774]: Placing additional elements for SW14
[board_modifier.py:98]: Getting SW14 footprint position: (38100000, 66675000)
[board_modifier.py:75]: Searching for optional ST14 footprint in C:\Users\jamie\Documents\ElementWing\ElementWing.kicad_pcb
[board_modifier.py:80]: Footprint not found
[key_placer.py:774]: Placing additional elements for SW13
[board_modifier.py:98]: Getting SW13 footprint position: (304800000, 38100000)
[board_modifier.py:75]: Searching for optional ST13 footprint in C:\Users\jamie\Documents\ElementWing\ElementWing.kicad_pcb
[board_modifier.py:80]: Footprint not found
[key_placer.py:774]: Placing additional elements for SW12
[board_modifier.py:98]: Getting SW12 footprint position: (285750000, 38100000)
[board_modifier.py:75]: Searching for optional ST12 footprint in C:\Users\jamie\Documents\ElementWing\ElementWing.kicad_pcb
[board_modifier.py:80]: Footprint not found
[key_placer.py:774]: Placing additional elements for SW11
[board_modifier.py:98]: Getting SW11 footprint position: (266700000, 38100000)
[board_modifier.py:75]: Searching for optional ST11 footprint in C:\Users\jamie\Documents\ElementWing\ElementWing.kicad_pcb
[board_modifier.py:80]: Footprint not found
[key_placer.py:774]: Placing additional elements for SW10
[board_modifier.py:98]: Getting SW10 footprint position: (238125000, 38100000)
[board_modifier.py:75]: Searching for optional ST10 footprint in C:\Users\jamie\Documents\ElementWing\ElementWing.kicad_pcb
[board_modifier.py:80]: Footprint not found
[key_placer.py:774]: Placing additional elements for SW9
[board_modifier.py:98]: Getting SW9 footprint position: (209550000, 38100000)
[board_modifier.py:75]: Searching for optional ST9 footprint in C:\Users\jamie\Documents\ElementWing\ElementWing.kicad_pcb
[board_modifier.py:80]: Footprint not found
[key_placer.py:774]: Placing additional elements for SW8
[board_modifier.py:98]: Getting SW8 footprint position: (190500000, 38100000)
[board_modifier.py:75]: Searching for optional ST8 footprint in C:\Users\jamie\Documents\ElementWing\ElementWing.kicad_pcb
[board_modifier.py:80]: Footprint not found
[key_placer.py:774]: Placing additional elements for SW7
[board_modifier.py:98]: Getting SW7 footprint position: (171450000, 38100000)
[board_modifier.py:75]: Searching for optional ST7 footprint in C:\Users\jamie\Documents\ElementWing\ElementWing.kicad_pcb
[board_modifier.py:80]: Footprint not found
[key_placer.py:774]: Placing additional elements for SW6
[board_modifier.py:98]: Getting SW6 footprint position: (142875000, 38100000)
[board_modifier.py:75]: Searching for optional ST6 footprint in C:\Users\jamie\Documents\ElementWing\ElementWing.kicad_pcb
[board_modifier.py:80]: Footprint not found
[key_placer.py:774]: Placing additional elements for SW5
[board_modifier.py:98]: Getting SW5 footprint position: (123825000, 38100000)
[board_modifier.py:75]: Searching for optional ST5 footprint in C:\Users\jamie\Documents\ElementWing\ElementWing.kicad_pcb
[board_modifier.py:80]: Footprint not found
[key_placer.py:774]: Placing additional elements for SW4
[board_modifier.py:98]: Getting SW4 footprint position: (104775000, 38100000)
[board_modifier.py:75]: Searching for optional ST4 footprint in C:\Users\jamie\Documents\ElementWing\ElementWing.kicad_pcb
[board_modifier.py:80]: Footprint not found
[key_placer.py:774]: Placing additional elements for SW3
[board_modifier.py:98]: Getting SW3 footprint position: (76200000, 38100000)
[board_modifier.py:75]: Searching for optional ST3 footprint in C:\Users\jamie\Documents\ElementWing\ElementWing.kicad_pcb
[board_modifier.py:80]: Footprint not found
[key_placer.py:774]: Placing additional elements for SW2
[board_modifier.py:98]: Getting SW2 footprint position: (57150000, 38100000)
[board_modifier.py:75]: Searching for optional ST2 footprint in C:\Users\jamie\Documents\ElementWing\ElementWing.kicad_pcb
[board_modifier.py:80]: Footprint not found
[key_placer.py:774]: Placing additional elements for SW1
[board_modifier.py:98]: Getting SW1 footprint position: (38100000, 38100000)
[board_modifier.py:75]: Searching for optional ST1 footprint in C:\Users\jamie\Documents\ElementWing\ElementWing.kicad_pcb
[board_modifier.py:80]: Footprint not found
[key_placer.py:457]: Removing dangling tracks
[edge_generator.py:126]: Running board edge generation around selected footprints
